<?xml version="1.0" encoding="UTF-8" ?>
<testsuite failures="0" time="89.485" errors="0" skipped="0" tests="4" name="test.tutorial.echo.EchoClientTest">
  <properties>
    <property name="java.runtime.name" value="Java(TM) SE Runtime Environment"/>
    <property name="sun.boot.library.path" value="C:\Program Files\Java\jre6\bin"/>
    <property name="java.vm.version" value="20.6-b01"/>
    <property name="java.vm.vendor" value="Sun Microsystems Inc."/>
    <property name="java.vendor.url" value="http://java.sun.com/"/>
    <property name="path.separator" value=";"/>
    <property name="java.vm.name" value="Java HotSpot(TM) Client VM"/>
    <property name="file.encoding.pkg" value="sun.io"/>
    <property name="user.country" value="CN"/>
    <property name="sun.java.launcher" value="SUN_STANDARD"/>
    <property name="sun.os.patch.level" value="Service Pack 3"/>
    <property name="java.vm.specification.name" value="Java Virtual Machine Specification"/>
    <property name="user.dir" value="W:\SVN\AleviaSpace\java-projects\netty-playground"/>
    <property name="java.runtime.version" value="1.6.0_31-b05"/>
    <property name="java.awt.graphicsenv" value="sun.awt.Win32GraphicsEnvironment"/>
    <property name="basedir" value="W:\SVN\AleviaSpace\java-projects\netty-playground"/>
    <property name="java.endorsed.dirs" value="C:\Program Files\Java\jre6\lib\endorsed"/>
    <property name="os.arch" value="x86"/>
    <property name="surefire.real.class.path" value="W:\SVN\AleviaSpace\java-projects\netty-playground\target\surefire\surefirebooter4298848612657249068.jar"/>
    <property name="java.io.tmpdir" value="C:\DOCUME~1\ADMINI~1\LOCALS~1\Temp\"/>
    <property name="line.separator" value="
"/>
    <property name="java.vm.specification.vendor" value="Sun Microsystems Inc."/>
    <property name="user.variant" value=""/>
    <property name="os.name" value="Windows XP"/>
    <property name="sun.jnu.encoding" value="GBK"/>
    <property name="java.library.path" value="C:\Program Files\Java\jre6\bin;C:\WINDOWS\Sun\Java\bin;C:\WINDOWS\system32;C:\WINDOWS;C:/Program Files/Java/jre6/bin/client;C:/Program Files/Java/jre6/bin;C:/Program Files/Java/jre6/lib/i386;C:\Program Files\NVIDIA Corporation\PhysX\Common;C:\Program Files\Intel\iCLS Client\;C:\Ruby192\bin;C:\MinGW\bin;C:\msys\bin;W:\Issues\201203\llvm-build-gcc\bin;U:\program files\CMake 2.8\bin;C:\Python27;U:\wxBuildPack;U:\wxWidgets\lib\gcc_dll;C:\AdobeAIRSDK\bin;C:\ProgramFiles\Git\bin;C:\Program Files\TortoiseGit\bin;U:\ProgramFiles\TortoiseSVN\bin;W:\Incoming\texlive\2010\bin\win32;C:Program Files\Graphviz2.21\bin\;C:\Program Files\doxygen\bin;C:\ProgramFiles\Cppcheck\;C:\Program Files\AMD APP\bin\x86;C:\Program Files\Common Files\NetSarang;C:\WINDOWS\System32\Wbem;D:\Program Files\Microsoft Visual Studio 9.0\VC\bin;C:\Program Files\ATI Technologies\ATI Control Panelï¼›C:\Program Files\Microsoft SQL Server\80\Tools\BINN;C:\Program Files\Universal Extractor\;C:\Program Files\Universal Extractor\bin\;C:\Program Files\Common Files\NetSarang\;C:\Program Files\Autodesk\Backburner\;C:\Program Files\Common Files\Autodesk Shared\;C:\Program Files\Common Files\TTKN\Bin;C:\Program Files\Common Files\Thunder Network\KanKan\Codecs;C:\WINDOWS\system32;C:\WINDOWS;C:\Program Files\ATI Technologies\ATI.ACE\Core-Static;C:\Program Files\QuickTime\QTSystem\;C:\Program Files\Microsoft Visual Studio 8\Common7\IDE;U:\Program Files\GtkSharp\2.12\bin;C:\e\cmd;C:\Program Files\e\cmd;C:\Documents and Settings\Administrator\Application Data\npm;C:\Program Files\nodejs\;C:\Program Files\Intel\Intel(R) Management Engine Components\DAL;C:\Program Files\Intel\Intel(R) Management Engine Components\IPT;U:\Program Files\TortoiseSVN\bin;C:\Program Files\StormII\Codec;C:\Program Files\StormII;C:\Program Files\Common Files\Shoes\0.r1134\..;U:\soft\springsource-tool-suite-2.9.2.RELEASE-e3.7.2-win32\springsource\sts-2.9.2.RELEASE;;."/>
    <property name="surefire.test.class.path" value="W:\SVN\AleviaSpace\java-projects\netty-playground\target\test-classes;W:\SVN\AleviaSpace\java-projects\netty-playground\target\classes;D:\Me\.m2\repository\junit\junit\4.8.1\junit-4.8.1.jar;D:\Me\.m2\repository\org\databene\contiperf\2.1.0\contiperf-2.1.0.jar;D:\Me\.m2\repository\io\netty\netty\3.5.0.Final\netty-3.5.0.Final.jar;"/>
    <property name="sun.nio.ch.bugLevel" value=""/>
    <property name="java.specification.name" value="Java Platform API Specification"/>
    <property name="java.class.version" value="50.0"/>
    <property name="sun.management.compiler" value="HotSpot Client Compiler"/>
    <property name="os.version" value="5.1"/>
    <property name="user.home" value="D:\Me"/>
    <property name="user.timezone" value="Asia/Shanghai"/>
    <property name="java.awt.printerjob" value="sun.awt.windows.WPrinterJob"/>
    <property name="java.specification.version" value="1.6"/>
    <property name="file.encoding" value="GBK"/>
    <property name="user.name" value="Administrator"/>
    <property name="java.class.path" value="W:\SVN\AleviaSpace\java-projects\netty-playground\target\test-classes;W:\SVN\AleviaSpace\java-projects\netty-playground\target\classes;D:\Me\.m2\repository\junit\junit\4.8.1\junit-4.8.1.jar;D:\Me\.m2\repository\org\databene\contiperf\2.1.0\contiperf-2.1.0.jar;D:\Me\.m2\repository\io\netty\netty\3.5.0.Final\netty-3.5.0.Final.jar;"/>
    <property name="java.vm.specification.version" value="1.0"/>
    <property name="sun.arch.data.model" value="32"/>
    <property name="java.home" value="C:\Program Files\Java\jre6"/>
    <property name="sun.java.command" value="W:\SVN\AleviaSpace\java-projects\netty-playground\target\surefire\surefirebooter4298848612657249068.jar W:\SVN\AleviaSpace\java-projects\netty-playground\target\surefire\surefire67944383603092119tmp W:\SVN\AleviaSpace\java-projects\netty-playground\target\surefire\surefire393023973517311479tmp"/>
    <property name="java.specification.vendor" value="Sun Microsystems Inc."/>
    <property name="user.language" value="zh"/>
    <property name="awt.toolkit" value="sun.awt.windows.WToolkit"/>
    <property name="java.vm.info" value="mixed mode, sharing"/>
    <property name="java.version" value="1.6.0_31"/>
    <property name="java.ext.dirs" value="C:\Program Files\Java\jre6\lib\ext;C:\WINDOWS\Sun\Java\lib\ext"/>
    <property name="sun.boot.class.path" value="C:\Program Files\Java\jre6\lib\resources.jar;C:\Program Files\Java\jre6\lib\rt.jar;C:\Program Files\Java\jre6\lib\sunrsasign.jar;C:\Program Files\Java\jre6\lib\jsse.jar;C:\Program Files\Java\jre6\lib\jce.jar;C:\Program Files\Java\jre6\lib\charsets.jar;C:\Program Files\Java\jre6\lib\modules\jdk.boot.jar;C:\Program Files\Java\jre6\classes"/>
    <property name="java.vendor" value="Sun Microsystems Inc."/>
    <property name="localRepository" value="D:\Me\.m2\repository"/>
    <property name="file.separator" value="\"/>
    <property name="java.vendor.url.bug" value="http://java.sun.com/cgi-bin/bugreport.cgi"/>
    <property name="sun.cpu.endian" value="little"/>
    <property name="sun.io.unicode.encoding" value="UnicodeLittle"/>
    <property name="sun.desktop" value="windows"/>
    <property name="sun.cpu.isalist" value="pentium_pro+mmx pentium_pro pentium+mmx pentium i486 i386 i86"/>
  </properties>
  <testcase time="1.125" classname="test.tutorial.echo.EchoClientTest" name="testSleepingOneSec"/>
  <testcase time="9.109" classname="test.tutorial.echo.EchoClientTest" name="testSleepingTwoSecs"/>
  <testcase time="20.094" classname="test.tutorial.echo.EchoClientTest" name="testSleepingFourSecs"/>
  <testcase time="59.125" classname="test.tutorial.echo.EchoClientTest" name="testSleepingEightSecs"/>
</testsuite>